[2016-05-12 15:01:42] Erro de autenticacao 
[2016-05-12 15:03:20] Erro de autenticacao 
[2016-05-12 15:04:11] Usuário Logado com sucesso (Robson Souza Lourenço) 
[2016-05-12 15:04:11] PERFIL:1 - 1 - 1 - MENU MANUTENCAO - /manutencao/tipo-versao/listar 
[2016-05-12 15:04:11] PERFIL:1 - 1 -  - MENU DEFAULT - /default/index 
[2016-05-12 15:04:11] PERFIL:1 - 1 - 1 - MENU CHAMADO - /chamado/index/cadastrar 
[2016-05-12 15:04:11] PERFIL:1 - 1 - 1 - MENU MANUTENCAO - /manutencao/projeto/listar 
[2016-05-12 15:04:11] PERFIL:1 - 1 - 1 - MENU CHAMADO - /chamado/index 
[2016-05-12 15:04:11] PERFIL:1 - 1 - 1 - MENU RELATORIO - /relatorio/index/chamado-orgao 
[2016-05-12 15:04:11] PERFIL:1 - 1 - 1 - MENU MANUTENCAO - /manutencao/modulo/listar 
[2016-05-12 15:04:11] PERFIL:1 - 1 - 1 - MENU CHAMADO - /chamado/index/listar-categoria 
[2016-05-12 15:04:11] PERFIL:1 - 1 - 1 - MENU CHAMADO - /chamado/index/listar-projeto 
[2016-05-12 15:04:11] PERFIL:1 - 1 - 1 - MENU MANUTENCAO - /manutencao/versao/listar 
[2016-05-12 15:04:11] PERFIL:1 - 1 - 1 - MENU RELATORIO - /relatorio/index 
[2016-05-12 15:04:11] PERFIL:1 - 1 - 1 - MENU MANUTENCAO - /manutencao/ambiente/listar 
[2016-05-12 15:04:11] PERFIL:1 - 1 -  - MENU CHAMADO - /chamado/index/meus-chamados 
[2016-05-12 15:04:11] PERFIL:1 - 1 - 1 - MENU RELATORIO - /relatorio/index/chamado-mes 
[2016-05-12 15:04:11] PERFIL:1 - 1 - 1 - MENU MANUTENCAO - /manutencao/categoria/listar 
[2016-05-12 15:04:11] PERFIL:1 - 1 -  - MENU CHAMADO - /chamado/index/grafico-usuario-fechamento 
[2016-05-12 15:04:11] PERFIL:1 - 1 - 1 - MENU MANUTENCAO - /manutencao/usuario/listar 
[2016-05-12 15:04:11] PERFIL:1 - 1 - 1 - MENU CHAMADO - /chamado/index/listar-orgao 
[2016-05-12 15:04:11] PERFIL:1 - 1 - 1 - MENU MANUTENCAO - /manutencao/orgao/listar 
[2016-05-12 15:04:11] PERFIL:1 - 1 - 1 - MENU CHAMADO - /chamado/index/meus-chamados-adm 
[2016-05-12 15:06:47] Erro de autenticacao 
[2016-05-12 15:09:44] Usuário Logado com sucesso (Robson Souza Lourenço) 
[2016-05-12 15:09:44] PERFIL:1 - 1 - 1 - MENU MANUTENCAO - /manutencao/tipo-versao/listar 
[2016-05-12 15:09:44] PERFIL:1 - 1 -  - MENU DEFAULT - /default/index 
[2016-05-12 15:09:44] PERFIL:1 - 1 - 1 - MENU CHAMADO - /chamado/index/cadastrar 
[2016-05-12 15:09:44] PERFIL:1 - 1 - 1 - MENU MANUTENCAO - /manutencao/projeto/listar 
[2016-05-12 15:09:44] PERFIL:1 - 1 - 1 - MENU CHAMADO - /chamado/index 
[2016-05-12 15:09:44] PERFIL:1 - 1 - 1 - MENU RELATORIO - /relatorio/index/chamado-orgao 
[2016-05-12 15:09:44] PERFIL:1 - 1 - 1 - MENU MANUTENCAO - /manutencao/modulo/listar 
[2016-05-12 15:09:44] PERFIL:1 - 1 - 1 - MENU CHAMADO - /chamado/index/listar-categoria 
[2016-05-12 15:09:44] PERFIL:1 - 1 - 1 - MENU CHAMADO - /chamado/index/listar-projeto 
[2016-05-12 15:09:44] PERFIL:1 - 1 - 1 - MENU MANUTENCAO - /manutencao/versao/listar 
[2016-05-12 15:09:44] PERFIL:1 - 1 - 1 - MENU RELATORIO - /relatorio/index 
[2016-05-12 15:09:44] PERFIL:1 - 1 - 1 - MENU MANUTENCAO - /manutencao/ambiente/listar 
[2016-05-12 15:09:44] PERFIL:1 - 1 -  - MENU CHAMADO - /chamado/index/meus-chamados 
[2016-05-12 15:09:44] PERFIL:1 - 1 - 1 - MENU RELATORIO - /relatorio/index/chamado-mes 
[2016-05-12 15:09:44] PERFIL:1 - 1 - 1 - MENU MANUTENCAO - /manutencao/categoria/listar 
[2016-05-12 15:09:44] PERFIL:1 - 1 -  - MENU CHAMADO - /chamado/index/grafico-usuario-fechamento 
[2016-05-12 15:09:44] PERFIL:1 - 1 - 1 - MENU MANUTENCAO - /manutencao/usuario/listar 
[2016-05-12 15:09:44] PERFIL:1 - 1 - 1 - MENU CHAMADO - /chamado/index/listar-orgao 
[2016-05-12 15:09:44] PERFIL:1 - 1 - 1 - MENU MANUTENCAO - /manutencao/orgao/listar 
[2016-05-12 15:09:44] PERFIL:1 - 1 - 1 - MENU CHAMADO - /chamado/index/meus-chamados-adm 
[2016-05-12 15:09:49] Erro de autenticacao 
